[38;5;112m[Appium][0m Welcome to Appium v2.13.1
[38;5;112m[Appium][0m Non-default server args:
[38;5;112m[Appium][0m { basePath: [32m'/wd/hub'[39m, loglevel: [32m'info'[39m, port: [33m12899[39m }
[38;5;112m[Appium][0m Attempting to load driver uiautomator2...
[38;5;112m[Appium][0m Appium REST http interface listener started on http://0.0.0.0:12899/wd/hub
[38;5;112m[Appium][0m You can provide the following URLs in your client code to connect to this server:
	http://192.168.50.141:12899/wd/hub
	http://127.0.0.1:12899/wd/hub (only accessible from the same host)
	http://192.168.0.1:12899/wd/hub
[38;5;112m[Appium][0m Available drivers:
[38;5;112m[Appium][0m   - uiautomator2@3.7.0 (automationName 'UiAutomator2')
[38;5;112m[Appium][0m No plugins have been installed. Use the "appium plugin" command to install the one(s) you want to use.
[38;5;86m[HTTP][0m [37m-->[39m [37mGET[39m [37m/wd/hub/status[39m [90m{}[39m
[38;5;86m[HTTP][0m [37m<-- GET /wd/hub/status [39m[32m200[39m [90m3 ms - 111[39m [90m[39m
[38;5;86m[HTTP][0m [37m-->[39m [37mGET[39m [37m/wd/hub/status[39m [90m{}[39m
[38;5;86m[HTTP][0m [37m<-- GET /wd/hub/status [39m[32m200[39m [90m1 ms - 111[39m [90m[39m
[38;5;86m[HTTP][0m [37m-->[39m [37mPOST[39m [37m/wd/hub/session[39m [90m{"capabilities":{"firstMatch":[{"appium:app":"D:\\coding\\sqa\\espresso\\App-Automation-on-Google-Calculator-with-Selenium-Appium\\src\\test\\resources\\Calculator.apk","appium:autoGrantPermissions":true,"appium:automationName":"uiautomator2","appium:deviceId":"","appium:deviceName":"emulator-5554 (sdk_gphone64_x86_64 - Android 15)","appium:fullReset":false,"appium:newCommandTimeout":1800,"appium:noReset":true,"appium:platformName":"ANDROID","appium:platformVersion":"15","appium:property":"emulator-5554","appium:systemPort":12910,"appium:udid":"emulator-5554","platformName":"ANDROID"}]},"desiredCapabilities":{"appium:app":"D:\\coding\\sqa\\espresso\\App-Automation-on-Google-Calculator-with-Selenium-Appium\\src\\test\\resources\\Calculator.apk","appium:autoGrantPermissions":true,"appium:automationName":"uiautomator2","appium:deviceId":"","appium:deviceName":"emulator-5554 (sdk_gphone64_x86_64 - Android 15)","appium:fullReset":false,"appium:newCommandTimeout":1800,"appium:noReset":true,"appium:platformName":...[39m
[38;5;123m[BaseDriver][0m Ignoring capability 'appium:platformName=ANDROID' and using capability 'platformName=ANDROID'
[38;5;123m[BaseDriver][0m The capabilities ["platformName"] are standard capabilities and do not require "appium:" prefix
[38;5;112m[Appium][0m Attempting to find matching driver for automationName 'uiautomator2' and platformName 'ANDROID'
[38;5;112m[Appium][0m The 'uiautomator2' driver was installed and matched caps.
[38;5;112m[Appium][0m Will require it at C:\Users\UseR\.appium\node_modules\appium-uiautomator2-driver
[38;5;58m[AppiumDriver@94d1][0m Appium v2.13.1 creating new AndroidUiautomator2Driver (v3.7.0) session
[38;5;58m[AppiumDriver@94d1][0m Checking BaseDriver versions for Appium and AndroidUiautomator2Driver
[38;5;58m[AppiumDriver@94d1][0m Appium's BaseDriver version is 9.13.1
[38;5;58m[AppiumDriver@94d1][0m AndroidUiautomator2Driver's BaseDriver version is 9.13.1
[38;5;-122m[AndroidUiautomator2Driver@53f9][0m The following provided capabilities were not recognized by this driver:
[38;5;-122m[AndroidUiautomator2Driver@53f9][0m   deviceId
[38;5;-122m[AndroidUiautomator2Driver@53f9][0m   property
[38;5;24m[a9932e5f][0m[38;5;-122m[AndroidUiautomator2Driver@53f9][0m Session created with session id: a9932e5f-b6f2-4828-99ef-eb281b8b94ed
[38;5;24m[a9932e5f][0m[38;5;229m[ADB][0m Found 1 'build-tools' folders under 'D:\install\softwares\Android\Sdk' (newest first):
[38;5;24m[a9932e5f][0m[38;5;229m[ADB][0m     D:\install\softwares\Android\Sdk\build-tools\35.0.0
[38;5;24m[a9932e5f][0m[38;5;229m[ADB][0m Using 'adb.exe' from 'D:\install\softwares\Android\Sdk\platform-tools\adb.exe'
[38;5;24m[a9932e5f][0m[38;5;-122m[AndroidUiautomator2Driver@53f9][0m Retrieving device list
[38;5;24m[a9932e5f][0m[38;5;-122m[AndroidUiautomator2Driver@53f9][0m Using device: emulator-5554
[38;5;24m[a9932e5f][0m[38;5;229m[ADB][0m Using 'adb.exe' from 'D:\install\softwares\Android\Sdk\platform-tools\adb.exe'
[38;5;24m[a9932e5f][0m[38;5;123m[BaseDriver][0m Using local app 'D:\coding\sqa\espresso\App-Automation-on-Google-Calculator-with-Selenium-Appium\src\test\resources\Calculator.apk'
[38;5;24m[a9932e5f][0m[38;5;229m[ADB][0m Getting device platform version
[38;5;24m[a9932e5f][0m[38;5;-122m[AndroidUiautomator2Driver@53f9][0m Relaxing hidden api policy
[38;5;24m[a9932e5f][0m[38;5;229m[ADB][0m Package name: 'com.google.android.calculator'
[38;5;24m[a9932e5f][0m[38;5;229m[ADB][0m Main activity name: 'com.android.calculator2.Calculator'
[38;5;24m[a9932e5f][0m[38;5;229m[ADB][0m Using 'apksigner.jar' from 'D:\install\softwares\Android\Sdk\build-tools\35.0.0\lib\apksigner.jar'
[38;5;24m[a9932e5f][0m[38;5;-122m[AndroidUiautomator2Driver@53f9][0m Server packages are not going to be (re)installed
[38;5;24m[a9932e5f][0m[38;5;229m[ADB][0m Adding packages ["io.appium.settings","io.appium.uiautomator2.server","io.appium.uiautomator2.server.test"] to Doze whitelist
[38;5;24m[a9932e5f][0m[38;5;229m[ADB][0m 'D:\coding\sqa\espresso\App-Automation-on-Google-Calculator-with-Selenium-Appium\src\test\resources\Calculator.apk' is signed with the default certificate
[38;5;24m[a9932e5f][0m[38;5;229m[ADB][0m The application at 'D:\coding\sqa\espresso\App-Automation-on-Google-Calculator-with-Selenium-Appium\src\test\resources\Calculator.apk' will not be cached, because the device under test has confirmed the support of streamed installs
[38;5;24m[a9932e5f][0m[38;5;229m[ADB][0m The installation of 'Calculator.apk' took 243ms
[38;5;24m[a9932e5f][0m[38;5;-122m[AndroidUiautomator2Driver@53f9][0m Starting UIAutomator2 server 7.0.15
[38;5;24m[a9932e5f][0m[38;5;-122m[AndroidUiautomator2Driver@53f9][0m Using UIAutomator2 server from 'C:\Users\UseR\.appium\node_modules\appium-uiautomator2-driver\node_modules\appium-uiautomator2-server\apks\appium-uiautomator2-server-v7.0.15.apk' and test from 'C:\Users\UseR\.appium\node_modules\appium-uiautomator2-driver\node_modules\appium-uiautomator2-server\apks\appium-uiautomator2-server-debug-androidTest.apk'
[38;5;24m[a9932e5f][0m[38;5;-122m[AndroidUiautomator2Driver@53f9][0m Waiting up to 30000ms for UiAutomator2 to be online...
[38;5;24m[a9932e5f][0m[38;5;-122m[AndroidUiautomator2Driver@53f9][0m socket hang up
[38;5;24m[a9932e5f][0m[38;5;-122m[AndroidUiautomator2Driver@53f9][0m socket hang up
[38;5;24m[a9932e5f][0m[38;5;-122m[AndroidUiautomator2Driver@53f9][0m socket hang up
[38;5;24m[a9932e5f][0m[38;5;-122m[AndroidUiautomator2Driver@53f9][0m Determined the downstream protocol as 'W3C'
[38;5;24m[a9932e5f][0m[38;5;-122m[AndroidUiautomator2Driver@53f9][0m Screen already unlocked, doing nothing
[38;5;24m[a9932e5f][0m[38;5;-122m[AndroidUiautomator2Driver@53f9][0m Starting 'com.google.android.calculator/com.android.calculator2.Calculator and waiting for 'com.google.android.calculator/com.android.calculator2.Calculator'
[38;5;24m[a9932e5f][0m[38;5;58m[AppiumDriver@94d1][0m New AndroidUiautomator2Driver session created successfully, session a9932e5f-b6f2-4828-99ef-eb281b8b94ed added to master session list
[38;5;24m[a9932e5f][0m[38;5;86m[HTTP][0m [37m<-- POST /wd/hub/session [39m[32m200[39m [90m6963 ms - 1453[39m [90m[39m
[38;5;86m[HTTP][0m [37m-->[39m [37mGET[39m [37m/wd/hub/status[39m [90m{}[39m
[38;5;86m[HTTP][0m [37m<-- GET /wd/hub/status [39m[32m200[39m [90m1 ms - 111[39m [90m[39m
[38;5;24m[a9932e5f][0m[38;5;86m[HTTP][0m [37m-->[39m [37mPOST[39m [37m/wd/hub/session/a9932e5f-b6f2-4828-99ef-eb281b8b94ed/timeouts[39m [90m{"implicit":60000}[39m
[38;5;24m[a9932e5f][0m[38;5;86m[HTTP][0m [37m<-- POST /wd/hub/session/a9932e5f-b6f2-4828-99ef-eb281b8b94ed/timeouts [39m[32m200[39m [90m2 ms - 14[39m [90m[39m
[38;5;24m[a9932e5f][0m[38;5;86m[HTTP][0m [37m-->[39m [37mGET[39m [37m/wd/hub/session/a9932e5f-b6f2-4828-99ef-eb281b8b94ed/source[39m [90m{}[39m
[38;5;24m[a9932e5f][0m[38;5;-122m[AndroidUiautomator2Driver@53f9][0m Driver proxy active, passing request on via HTTP proxy
[38;5;24m[a9932e5f][0m[38;5;-122m[AndroidUiautomator2Driver@53f9][0m Replacing sessionId a62fc2b5-8418-4932-bd95-420386bbb2be with a9932e5f-b6f2-4828-99ef-eb281b8b94ed
[38;5;24m[a9932e5f][0m[38;5;86m[HTTP][0m [37m<-- GET /wd/hub/session/a9932e5f-b6f2-4828-99ef-eb281b8b94ed/source [39m[32m200[39m [90m885 ms - 19716[39m [90m[39m
[38;5;24m[a9932e5f][0m[38;5;86m[HTTP][0m [37m-->[39m [37mGET[39m [37m/wd/hub/session/a9932e5f-b6f2-4828-99ef-eb281b8b94ed/screenshot[39m [90m{}[39m
[38;5;24m[a9932e5f][0m[38;5;86m[HTTP][0m [37m<-- GET /wd/hub/session/a9932e5f-b6f2-4828-99ef-eb281b8b94ed/screenshot [39m[32m200[39m [90m251 ms - 196620[39m [90m[39m
[38;5;24m[a9932e5f][0m[38;5;86m[HTTP][0m [37m-->[39m [37mGET[39m [37m/wd/hub/session/a9932e5f-b6f2-4828-99ef-eb281b8b94ed/source[39m [90m{}[39m
[38;5;24m[a9932e5f][0m[38;5;-122m[AndroidUiautomator2Driver@53f9][0m Driver proxy active, passing request on via HTTP proxy
[38;5;24m[a9932e5f][0m[38;5;-122m[AndroidUiautomator2Driver@53f9][0m Replacing sessionId a62fc2b5-8418-4932-bd95-420386bbb2be with a9932e5f-b6f2-4828-99ef-eb281b8b94ed
[38;5;24m[a9932e5f][0m[38;5;86m[HTTP][0m [37m<-- GET /wd/hub/session/a9932e5f-b6f2-4828-99ef-eb281b8b94ed/source [39m[32m200[39m [90m45 ms - 19716[39m [90m[39m
[38;5;24m[a9932e5f][0m[38;5;86m[HTTP][0m [37m-->[39m [37mGET[39m [37m/wd/hub/session/a9932e5f-b6f2-4828-99ef-eb281b8b94ed/screenshot[39m [90m{}[39m
[38;5;24m[a9932e5f][0m[38;5;86m[HTTP][0m [37m<-- GET /wd/hub/session/a9932e5f-b6f2-4828-99ef-eb281b8b94ed/screenshot [39m[32m200[39m [90m219 ms - 196800[39m [90m[39m
[38;5;24m[a9932e5f][0m[38;5;-122m[AndroidUiautomator2Driver@53f9][0m Shutting down because we waited 1800 seconds for a command
[38;5;24m[a9932e5f][0m[38;5;58m[AppiumDriver@94d1][0m Ending session, cause was 'New Command Timeout of 1800 seconds expired. Try customizing the timeout using the 'newCommandTimeout' desired capability'
[38;5;24m[a9932e5f][0m[38;5;58m[AppiumDriver@94d1][0m Removing session 'a9932e5f-b6f2-4828-99ef-eb281b8b94ed' from our master session list
[38;5;24m[a9932e5f][0m[38;5;-122m[AndroidUiautomator2Driver@53f9][0m Restoring hidden api policy to the device default configuration
[38;5;24m[a9932e5f][0m[38;5;86m[HTTP][0m [37m-->[39m [37mDELETE[39m [37m/wd/hub/session/a9932e5f-b6f2-4828-99ef-eb281b8b94ed[39m [90m{}[39m
[38;5;24m[a9932e5f][0m[38;5;86m[HTTP][0m [37m<-- DELETE /wd/hub/session/a9932e5f-b6f2-4828-99ef-eb281b8b94ed [39m[33m404[39m [90m6 ms - 3069[39m [90m[39m
